  VideoStreamer.cpp
  The contents of <filesystem> are available only with C++17 or later.
D:\Hobbie\Image-Service\ImageService\VideoStreamer\VideoStreamer.cpp(90,22): warning C4244: 'initializing': conversion from 'T' to 'float', possible loss of data
          with
          [
              T=unsigned int
          ]
D:\Hobbie\Image-Service\ImageService\VideoStreamer\VideoStreamer.cpp(91,22): warning C4244: 'initializing': conversion from 'T' to 'float', possible loss of data
          with
          [
              T=unsigned int
          ]
D:\Hobbie\Image-Service\ImageService\VideoStreamer\VideoStreamer.cpp(92,22): warning C4244: 'initializing': conversion from 'T' to 'float', possible loss of data
          with
          [
              T=unsigned int
          ]
D:\Hobbie\Image-Service\ImageService\VideoStreamer\VideoStreamer.cpp(93,22): warning C4244: 'initializing': conversion from 'T' to 'float', possible loss of data
          with
          [
              T=unsigned int
          ]
D:\Hobbie\Image-Service\ImageService\VideoStreamer\VideoStreamer.cpp(97,81): warning C4244: 'argument': conversion from 'unsigned int' to 'T', possible loss of data
          with
          [
              T=float
          ]
D:\Hobbie\Image-Service\ImageService\VideoStreamer\VideoStreamer.cpp(97,63): warning C4244: 'argument': conversion from 'unsigned int' to 'T', possible loss of data
          with
          [
              T=float
          ]
  Generating code
  Previous IPDB and IOBJ mismatch, fall back to full compilation.
  All 79 functions were compiled because no usable IPDB/IOBJ from previous compilation was found.
  Finished generating code
  VideoStreamer.vcxproj -> D:\Hobbie\Image-Service\ImageService\x64\Release\VideoStreamer.exe
